2025-09-11 10:15:27,742 - INFO - Starting DBAASP scraper with input: data/peptides.csv, output: d
2025-09-11 10:15:27,754 - INFO - Loaded 9741 peptide IDs from data/peptides.csv
2025-09-11 10:15:27,754 - INFO - Starting new output file
2025-09-11 10:15:27,754 - INFO - Processing ID 11 (1/9741)
2025-09-11 10:15:33,658 - INFO - Processing ID 14 (2/9741)
2025-09-11 10:15:39,194 - INFO - Processing ID 15 (3/9741)
2025-09-11 10:15:45,127 - INFO - Processing ID 37 (4/9741)
2025-09-11 10:15:51,103 - INFO - Processing ID 55 (5/9741)
2025-09-11 10:15:56,597 - INFO - Processing ID 79 (6/9741)
2025-09-11 10:16:02,117 - INFO - Processing ID 102 (7/9741)
2025-09-11 10:16:07,832 - INFO - Processing ID 103 (8/9741)
2025-09-11 10:16:13,370 - INFO - Processing ID 107 (9/9741)
2025-09-11 10:16:18,911 - INFO - Processing ID 108 (10/9741)
2025-09-11 10:16:19,440 - INFO - Incrementally saved 10 peptides
2025-09-11 10:16:24,446 - INFO - Processing ID 109 (11/9741)
2025-09-11 10:16:29,990 - INFO - Processing ID 110 (12/9741)
2025-09-11 10:16:35,466 - INFO - Processing ID 111 (13/9741)
2025-09-11 10:16:40,975 - INFO - Processing ID 112 (14/9741)
2025-09-11 10:16:46,406 - INFO - Processing ID 113 (15/9741)
2025-09-11 10:16:51,877 - INFO - Processing ID 115 (16/9741)
2025-09-11 10:16:57,413 - INFO - Processing ID 116 (17/9741)
2025-09-11 10:17:02,981 - INFO - Processing ID 117 (18/9741)
2025-09-11 10:17:08,506 - INFO - Processing ID 118 (19/9741)
2025-09-11 10:17:13,973 - INFO - Processing ID 119 (20/9741)
2025-09-11 10:17:14,435 - INFO - Incrementally saved 10 peptides
2025-09-11 10:17:19,440 - INFO - Processing ID 120 (21/9741)
2025-09-11 10:17:24,951 - INFO - Processing ID 121 (22/9741)
2025-09-11 10:17:30,450 - INFO - Processing ID 122 (23/9741)
2025-09-11 10:17:35,931 - INFO - Processing ID 123 (24/9741)
2025-09-11 10:17:41,440 - INFO - Processing ID 124 (25/9741)
2025-09-11 10:17:46,906 - INFO - Processing ID 125 (26/9741)
2025-09-11 10:17:52,385 - INFO - Processing ID 126 (27/9741)
2025-09-11 10:17:57,888 - INFO - Processing ID 142 (28/9741)
2025-09-11 10:18:03,622 - INFO - Processing ID 144 (29/9741)
2025-09-11 10:18:09,313 - INFO - Processing ID 146 (30/9741)
2025-09-11 10:18:10,184 - INFO - Incrementally saved 10 peptides
2025-09-11 10:18:15,195 - INFO - Processing ID 147 (31/9741)
2025-09-11 10:18:20,660 - INFO - Processing ID 160 (32/9741)
2025-09-11 10:18:26,559 - INFO - Processing ID 165 (33/9741)
2025-09-11 10:18:32,408 - INFO - Processing ID 167 (34/9741)
2025-09-11 10:18:38,019 - INFO - Processing ID 168 (35/9741)
2025-09-11 10:18:43,661 - INFO - Processing ID 197 (36/9741)
2025-09-11 10:18:49,646 - INFO - Processing ID 198 (37/9741)
2025-09-11 10:18:55,119 - INFO - Processing ID 199 (38/9741)
2025-09-11 10:19:00,603 - INFO - Processing ID 200 (39/9741)
2025-09-11 10:19:06,060 - INFO - Processing ID 201 (40/9741)
2025-09-11 10:19:06,564 - INFO - Incrementally saved 10 peptides
2025-09-11 10:19:11,569 - INFO - Processing ID 202 (41/9741)
2025-09-11 10:19:17,073 - INFO - Processing ID 203 (42/9741)
2025-09-11 10:19:22,765 - INFO - Processing ID 204 (43/9741)
2025-09-11 10:19:28,224 - INFO - Processing ID 205 (44/9741)
2025-09-11 10:19:33,791 - INFO - Processing ID 206 (45/9741)
2025-09-11 10:19:39,266 - INFO - Processing ID 207 (46/9741)
2025-09-11 10:19:44,785 - INFO - Processing ID 208 (47/9741)
2025-09-11 10:19:50,363 - INFO - Processing ID 209 (48/9741)
2025-09-11 10:19:55,855 - INFO - Processing ID 210 (49/9741)
2025-09-11 10:20:01,277 - INFO - Processing ID 211 (50/9741)
2025-09-11 10:20:01,866 - INFO - Incrementally saved 10 peptides
2025-09-11 10:20:06,871 - INFO - Processing ID 212 (51/9741)
2025-09-11 10:20:12,329 - INFO - Processing ID 213 (52/9741)
2025-09-11 10:20:17,784 - INFO - Processing ID 214 (53/9741)
2025-09-11 10:20:23,271 - INFO - Processing ID 215 (54/9741)
2025-09-11 10:20:28,766 - INFO - Processing ID 216 (55/9741)
2025-09-11 10:20:44,423 - INFO - Starting DBAASP scraper with input: data/peptides.csv, output: data/toxicity_data.csv
2025-09-11 10:20:44,436 - INFO - Loaded 9741 peptide IDs from data/peptides.csv
2025-09-11 10:20:44,440 - INFO - Starting new output file
2025-09-11 10:20:44,440 - INFO - Processing ID 11 (1/9741)
2025-09-11 10:20:50,481 - INFO - Processing ID 14 (2/9741)
2025-09-11 10:20:56,138 - INFO - Processing ID 15 (3/9741)
2025-09-11 10:21:02,037 - INFO - Processing ID 37 (4/9741)
2025-09-11 10:21:08,096 - INFO - Processing ID 55 (5/9741)
2025-09-11 10:21:13,670 - INFO - Processing ID 79 (6/9741)
2025-09-11 10:21:19,190 - INFO - Processing ID 102 (7/9741)
2025-09-11 10:21:24,944 - INFO - Processing ID 103 (8/9741)
2025-09-11 10:21:30,511 - INFO - Processing ID 107 (9/9741)
2025-09-11 10:21:36,077 - INFO - Processing ID 108 (10/9741)
2025-09-11 10:21:36,665 - INFO - Incrementally saved 10 peptides
2025-09-11 10:21:41,671 - INFO - Processing ID 109 (11/9741)
2025-09-11 10:21:47,151 - INFO - Processing ID 110 (12/9741)
2025-09-11 10:21:52,602 - INFO - Processing ID 111 (13/9741)
2025-09-11 10:21:58,125 - INFO - Processing ID 112 (14/9741)
2025-09-11 10:22:03,576 - INFO - Processing ID 113 (15/9741)
2025-09-11 10:22:09,072 - INFO - Processing ID 115 (16/9741)
2025-09-11 10:22:14,534 - INFO - Processing ID 116 (17/9741)
2025-09-11 10:22:20,034 - INFO - Processing ID 117 (18/9741)
2025-09-11 10:22:25,492 - INFO - Processing ID 118 (19/9741)
2025-09-11 10:22:31,039 - INFO - Processing ID 119 (20/9741)
2025-09-11 10:22:31,560 - INFO - Incrementally saved 10 peptides
2025-09-11 10:22:36,561 - INFO - Processing ID 120 (21/9741)
2025-09-11 10:22:42,055 - INFO - Processing ID 121 (22/9741)
2025-09-11 10:22:47,548 - INFO - Processing ID 122 (23/9741)
2025-09-11 10:22:53,064 - INFO - Processing ID 123 (24/9741)
2025-09-11 10:22:58,587 - INFO - Processing ID 124 (25/9741)
2025-09-11 10:23:04,058 - INFO - Processing ID 125 (26/9741)
2025-09-11 10:23:09,538 - INFO - Processing ID 126 (27/9741)
2025-09-11 10:23:15,164 - INFO - Processing ID 142 (28/9741)
2025-09-11 10:23:20,656 - INFO - Processing ID 144 (29/9741)
2025-09-11 10:23:26,437 - INFO - Processing ID 146 (30/9741)
2025-09-11 10:23:27,205 - INFO - Incrementally saved 10 peptides
2025-09-11 10:23:32,209 - INFO - Processing ID 147 (31/9741)
2025-09-11 10:23:37,651 - INFO - Processing ID 160 (32/9741)
2025-09-11 10:23:43,471 - INFO - Processing ID 165 (33/9741)
2025-09-11 10:23:49,364 - INFO - Processing ID 167 (34/9741)
2025-09-11 10:23:54,935 - INFO - Processing ID 168 (35/9741)
2025-09-11 10:24:00,601 - INFO - Processing ID 197 (36/9741)
2025-09-11 10:24:06,578 - INFO - Processing ID 198 (37/9741)
2025-09-11 10:24:12,089 - INFO - Processing ID 199 (38/9741)
2025-09-11 10:24:17,616 - INFO - Processing ID 200 (39/9741)
2025-09-11 10:24:23,141 - INFO - Processing ID 201 (40/9741)
2025-09-11 10:24:23,717 - INFO - Incrementally saved 10 peptides
2025-09-11 10:24:28,728 - INFO - Processing ID 202 (41/9741)
2025-09-11 10:24:34,260 - INFO - Processing ID 203 (42/9741)
2025-09-11 10:24:39,830 - INFO - Processing ID 204 (43/9741)
2025-09-11 10:24:45,305 - INFO - Processing ID 205 (44/9741)
2025-09-11 10:24:50,834 - INFO - Processing ID 206 (45/9741)
2025-09-11 10:24:56,348 - INFO - Processing ID 207 (46/9741)
2025-09-11 10:25:01,895 - INFO - Processing ID 208 (47/9741)
2025-09-11 10:25:07,460 - INFO - Processing ID 209 (48/9741)
2025-09-11 10:25:12,930 - INFO - Processing ID 210 (49/9741)
2025-09-11 10:25:18,456 - INFO - Processing ID 211 (50/9741)
2025-09-11 10:25:18,995 - INFO - Incrementally saved 10 peptides
2025-09-11 10:25:24,000 - INFO - Processing ID 212 (51/9741)
2025-09-11 10:25:29,497 - INFO - Processing ID 213 (52/9741)
2025-09-11 10:25:34,987 - INFO - Processing ID 214 (53/9741)
2025-09-11 10:25:40,520 - INFO - Processing ID 215 (54/9741)
2025-09-11 10:25:46,086 - INFO - Processing ID 216 (55/9741)
2025-09-11 10:25:51,602 - INFO - Processing ID 217 (56/9741)
2025-09-11 10:25:57,185 - INFO - Processing ID 218 (57/9741)
2025-09-11 10:26:02,769 - INFO - Processing ID 219 (58/9741)
2025-09-11 10:26:08,247 - INFO - Processing ID 220 (59/9741)
2025-09-11 10:26:13,713 - INFO - Processing ID 221 (60/9741)
2025-09-11 10:26:14,446 - INFO - Incrementally saved 10 peptides
2025-09-11 10:26:20,764 - INFO - Processing ID 222 (61/9741)
2025-09-11 10:26:26,261 - INFO - Processing ID 223 (62/9741)
2025-09-11 10:31:01,131 - INFO - Processing ID 224 (63/9741)
2025-09-11 10:31:10,423 - INFO - Processing ID 225 (64/9741)
2025-09-11 10:31:15,865 - INFO - Processing ID 226 (65/9741)
2025-09-11 10:42:27,772 - INFO - Processing ID 227 (66/9741)
2025-09-11 10:42:49,683 - INFO - Processing ID 228 (67/9741)
2025-09-11 10:42:55,344 - INFO - Processing ID 230 (68/9741)
2025-09-11 10:50:00,913 - INFO - Processing ID 231 (69/9741)
2025-09-11 10:50:06,660 - INFO - Processing ID 232 (70/9741)
2025-09-11 10:50:07,159 - INFO - Incrementally saved 10 peptides
2025-09-11 10:50:12,165 - INFO - Processing ID 233 (71/9741)
2025-09-11 10:50:17,557 - INFO - Processing ID 236 (72/9741)
2025-09-11 10:50:23,116 - INFO - Processing ID 237 (73/9741)
2025-09-11 10:50:28,707 - INFO - Processing ID 239 (74/9741)
2025-09-11 10:50:34,139 - INFO - Processing ID 241 (75/9741)
2025-09-11 10:50:39,645 - INFO - Processing ID 242 (76/9741)
2025-09-11 10:50:45,077 - INFO - Processing ID 243 (77/9741)
2025-09-11 10:50:50,581 - INFO - Processing ID 245 (78/9741)
2025-09-11 10:50:56,084 - INFO - Processing ID 247 (79/9741)
2025-09-11 10:51:01,592 - INFO - Processing ID 248 (80/9741)
2025-09-11 10:51:02,025 - INFO - Incrementally saved 10 peptides
2025-09-11 10:51:07,028 - INFO - Processing ID 249 (81/9741)
2025-09-11 10:51:12,457 - INFO - Processing ID 250 (82/9741)
2025-09-11 10:51:17,861 - INFO - Processing ID 256 (83/9741)
2025-09-11 10:51:23,396 - INFO - Processing ID 257 (84/9741)
2025-09-11 10:51:29,083 - INFO - Processing ID 262 (85/9741)
2025-09-11 10:51:34,564 - INFO - Processing ID 263 (86/9741)
2025-09-11 10:51:40,021 - INFO - Processing ID 264 (87/9741)
2025-09-11 10:51:45,526 - INFO - Processing ID 265 (88/9741)
2025-09-11 10:51:51,418 - INFO - Processing ID 266 (89/9741)
2025-09-11 10:51:56,944 - INFO - Processing ID 267 (90/9741)
2025-09-11 10:51:57,448 - INFO - Incrementally saved 10 peptides
2025-09-11 10:52:02,452 - INFO - Processing ID 268 (91/9741)
2025-09-11 10:52:08,046 - INFO - Processing ID 269 (92/9741)
2025-09-11 10:52:13,618 - INFO - Processing ID 270 (93/9741)
2025-09-11 10:52:19,122 - INFO - Processing ID 271 (94/9741)
2025-09-11 10:52:24,620 - INFO - Processing ID 273 (95/9741)
2025-09-11 10:52:30,104 - INFO - Processing ID 316 (96/9741)
2025-09-11 10:52:35,583 - INFO - Processing ID 317 (97/9741)
2025-09-11 10:52:41,136 - INFO - Processing ID 318 (98/9741)
2025-09-11 10:52:46,587 - INFO - Processing ID 319 (99/9741)
2025-09-11 10:52:52,112 - INFO - Processing ID 320 (100/9741)
2025-09-11 10:52:52,643 - INFO - Incrementally saved 10 peptides
2025-09-11 10:52:57,648 - INFO - Progress: 100/9741 peptides processed
2025-09-11 10:52:57,649 - INFO - Processing ID 321 (101/9741)
2025-09-11 10:53:03,065 - INFO - Processing ID 322 (102/9741)
2025-09-11 10:53:08,513 - INFO - Processing ID 323 (103/9741)
2025-09-11 10:53:13,969 - INFO - Processing ID 324 (104/9741)
2025-09-11 10:53:19,424 - INFO - Processing ID 325 (105/9741)
2025-09-11 10:53:24,843 - INFO - Processing ID 326 (106/9741)
2025-09-11 10:53:30,367 - INFO - Processing ID 347 (107/9741)
2025-09-11 10:53:35,959 - INFO - Processing ID 348 (108/9741)
2025-09-11 10:54:27,323 - INFO - Processing ID 349 (109/9741)
2025-09-11 10:54:32,896 - INFO - Processing ID 350 (110/9741)
2025-09-11 10:54:33,364 - INFO - Incrementally saved 10 peptides
2025-09-11 10:54:38,369 - INFO - Processing ID 351 (111/9741)
2025-09-11 10:54:43,886 - INFO - Processing ID 352 (112/9741)
2025-09-11 10:54:49,407 - INFO - Processing ID 353 (113/9741)
2025-09-11 10:54:54,926 - INFO - Processing ID 360 (114/9741)
2025-09-11 10:55:01,467 - INFO - Processing ID 447 (115/9741)
2025-09-11 10:55:07,556 - INFO - Processing ID 470 (116/9741)
2025-09-11 10:55:12,997 - INFO - Processing ID 475 (117/9741)
2025-09-11 10:55:18,542 - INFO - Processing ID 476 (118/9741)
2025-09-11 10:55:24,038 - INFO - Processing ID 477 (119/9741)
2025-09-11 10:55:29,485 - INFO - Processing ID 478 (120/9741)
2025-09-11 10:55:30,031 - INFO - Incrementally saved 10 peptides
2025-09-11 10:55:35,036 - INFO - Processing ID 479 (121/9741)
2025-09-11 10:55:40,501 - INFO - Processing ID 480 (122/9741)
2025-09-11 10:55:45,936 - INFO - Processing ID 481 (123/9741)
2025-09-11 10:55:51,481 - INFO - Processing ID 482 (124/9741)
2025-09-11 10:55:57,025 - INFO - Processing ID 483 (125/9741)
2025-09-11 10:56:02,589 - INFO - Processing ID 484 (126/9741)
2025-09-11 10:56:08,158 - INFO - Processing ID 485 (127/9741)
2025-09-11 10:56:13,690 - INFO - Processing ID 486 (128/9741)
2025-09-11 10:56:19,210 - INFO - Processing ID 487 (129/9741)
2025-09-11 10:56:24,744 - INFO - Processing ID 490 (130/9741)
2025-09-11 21:03:11,078 - INFO - Starting DBAASP scraper with input: data/peptides.csv, output: data/toxicity_data.csv
2025-09-11 21:03:11,090 - INFO - Loaded 9741 peptide IDs from data/peptides.csv
2025-09-11 21:03:11,091 - INFO - Resuming from existing file with 10 processed peptides
2025-09-11 21:03:11,091 - INFO - Processing ID 11 (1/9741)
2025-09-11 21:03:17,244 - INFO - Processing ID 14 (2/9741)
2025-09-11 21:03:23,144 - INFO - Processing ID 15 (3/9741)
2025-09-11 21:03:29,373 - INFO - Processing ID 37 (4/9741)
2025-09-11 21:03:35,725 - INFO - Processing ID 55 (5/9741)
2025-09-11 21:03:41,600 - INFO - Processing ID 79 (6/9741)
2025-09-11 21:03:47,421 - INFO - Processing ID 102 (7/9741)
2025-09-11 21:03:53,383 - INFO - Processing ID 103 (8/9741)
2025-09-11 21:03:59,031 - INFO - Processing ID 107 (9/9741)
2025-09-11 21:04:04,848 - INFO - Processing ID 108 (10/9741)
2025-09-11 21:04:05,669 - INFO - Incrementally saved 20 peptides
2025-09-11 21:04:10,673 - INFO - Processing ID 109 (11/9741)
2025-09-11 21:04:16,318 - INFO - Processing ID 110 (12/9741)
2025-09-11 21:04:22,099 - INFO - Processing ID 111 (13/9741)
2025-09-11 21:04:27,903 - INFO - Processing ID 112 (14/9741)
2025-09-11 21:04:33,665 - INFO - Processing ID 113 (15/9741)
2025-09-11 21:04:39,313 - INFO - Processing ID 115 (16/9741)
2025-09-11 21:04:44,956 - INFO - Processing ID 116 (17/9741)
2025-09-11 21:04:50,752 - INFO - Processing ID 117 (18/9741)
2025-09-11 21:04:56,600 - INFO - Processing ID 118 (19/9741)
2025-09-11 21:05:02,422 - INFO - Processing ID 119 (20/9741)
2025-09-11 21:05:03,146 - INFO - Incrementally saved 20 peptides
2025-09-11 21:05:08,151 - INFO - Processing ID 120 (21/9741)
2025-09-11 21:05:13,821 - INFO - Processing ID 121 (22/9741)
2025-09-11 21:05:19,570 - INFO - Processing ID 122 (23/9741)
2025-09-11 21:05:25,365 - INFO - Processing ID 123 (24/9741)
2025-09-11 21:05:31,036 - INFO - Processing ID 124 (25/9741)
2025-09-11 21:05:36,894 - INFO - Processing ID 125 (26/9741)
2025-09-11 21:05:42,688 - INFO - Processing ID 126 (27/9741)
2025-09-11 21:05:48,325 - INFO - Processing ID 142 (28/9741)
2025-09-11 21:05:54,104 - INFO - Processing ID 144 (29/9741)
2025-09-11 21:06:00,006 - INFO - Processing ID 146 (30/9741)
2025-09-11 21:06:01,139 - INFO - Incrementally saved 20 peptides
2025-09-11 21:06:06,144 - INFO - Processing ID 147 (31/9741)
2025-09-11 21:06:11,784 - INFO - Processing ID 160 (32/9741)
2025-09-11 21:06:17,868 - INFO - Processing ID 165 (33/9741)
2025-09-11 21:06:23,953 - INFO - Processing ID 167 (34/9741)
2025-09-11 21:06:29,785 - INFO - Processing ID 168 (35/9741)
2025-09-11 21:06:35,606 - INFO - Processing ID 197 (36/9741)
2025-09-11 21:06:41,885 - INFO - Processing ID 198 (37/9741)
2025-09-11 21:06:47,597 - INFO - Processing ID 199 (38/9741)
2025-09-11 21:06:53,242 - INFO - Processing ID 200 (39/9741)
2025-09-11 21:06:58,897 - INFO - Processing ID 201 (40/9741)
2025-09-11 21:06:59,555 - INFO - Incrementally saved 20 peptides
2025-09-11 21:07:04,556 - INFO - Processing ID 202 (41/9741)
2025-09-11 21:07:10,338 - INFO - Processing ID 203 (42/9741)
2025-09-11 21:07:16,034 - INFO - Processing ID 204 (43/9741)
2025-09-11 21:07:21,804 - INFO - Processing ID 205 (44/9741)
2025-09-11 21:07:27,582 - INFO - Processing ID 206 (45/9741)
2025-09-11 21:07:33,434 - INFO - Processing ID 207 (46/9741)
2025-09-11 21:07:39,087 - INFO - Processing ID 208 (47/9741)
2025-09-11 21:07:44,927 - INFO - Processing ID 209 (48/9741)
2025-09-11 21:07:50,612 - INFO - Processing ID 210 (49/9741)
2025-09-11 21:07:56,453 - INFO - Processing ID 211 (50/9741)
2025-09-11 21:07:57,178 - INFO - Incrementally saved 20 peptides
2025-09-11 21:08:02,180 - INFO - Processing ID 212 (51/9741)
2025-09-11 21:08:07,947 - INFO - Processing ID 213 (52/9741)
2025-09-11 21:08:13,701 - INFO - Processing ID 214 (53/9741)
2025-09-11 21:08:19,455 - INFO - Processing ID 215 (54/9741)
2025-09-11 21:08:25,071 - INFO - Processing ID 216 (55/9741)
2025-09-11 21:08:30,851 - INFO - Processing ID 217 (56/9741)
2025-09-11 21:12:45,008 - INFO - Starting DBAASP scraper with input: data/peptides.csv, output: data/toxicity_data.csv
2025-09-11 21:12:45,023 - INFO - Loaded 9741 peptide IDs from data/peptides.csv
2025-09-11 21:12:45,024 - INFO - Starting new output file
2025-09-11 21:12:45,024 - INFO - Processing ID 11 (1/9741)
2025-09-11 21:12:51,214 - INFO - Processing ID 14 (2/9741)
2025-09-11 21:12:57,057 - INFO - Processing ID 15 (3/9741)
2025-09-11 21:13:03,251 - INFO - Processing ID 37 (4/9741)
2025-09-11 21:13:09,575 - INFO - Processing ID 55 (5/9741)
2025-09-11 21:13:15,448 - INFO - Processing ID 79 (6/9741)
2025-09-11 21:13:21,352 - INFO - Processing ID 102 (7/9741)
2025-09-11 21:13:27,361 - INFO - Processing ID 103 (8/9741)
2025-09-11 21:13:33,011 - INFO - Processing ID 107 (9/9741)
2025-09-11 21:13:38,886 - INFO - Processing ID 108 (10/9741)
2025-09-11 21:13:39,658 - INFO - Incrementally saved 10 peptides
2025-09-11 21:13:44,664 - INFO - Processing ID 109 (11/9741)
2025-09-11 21:13:50,463 - INFO - Processing ID 110 (12/9741)
2025-09-11 21:13:56,276 - INFO - Processing ID 111 (13/9741)
2025-09-11 21:14:01,991 - INFO - Processing ID 112 (14/9741)
2025-09-11 21:14:07,776 - INFO - Processing ID 113 (15/9741)
2025-09-11 21:14:13,471 - INFO - Processing ID 115 (16/9741)
2025-09-11 21:14:19,094 - INFO - Processing ID 116 (17/9741)
2025-09-11 21:14:24,713 - INFO - Processing ID 117 (18/9741)
2025-09-11 21:14:30,477 - INFO - Processing ID 118 (19/9741)
2025-09-11 21:14:36,267 - INFO - Processing ID 119 (20/9741)
2025-09-11 21:14:37,128 - INFO - Incrementally saved 10 peptides
2025-09-11 21:14:42,134 - INFO - Processing ID 120 (21/9741)
2025-09-11 21:14:47,948 - INFO - Processing ID 121 (22/9741)
2025-09-11 21:14:53,665 - INFO - Processing ID 122 (23/9741)
2025-09-11 21:14:59,287 - INFO - Processing ID 123 (24/9741)
2025-09-11 21:15:04,933 - INFO - Processing ID 124 (25/9741)
2025-09-11 21:15:10,688 - INFO - Processing ID 125 (26/9741)
2025-09-11 21:15:16,474 - INFO - Processing ID 126 (27/9741)
2025-09-11 21:15:22,326 - INFO - Processing ID 142 (28/9741)
2025-09-11 21:15:28,052 - INFO - Processing ID 144 (29/9741)
2025-09-11 21:15:33,861 - INFO - Processing ID 146 (30/9741)
2025-09-11 21:15:35,006 - INFO - Incrementally saved 10 peptides
2025-09-11 21:15:40,011 - INFO - Processing ID 147 (31/9741)
2025-09-11 21:15:45,766 - INFO - Processing ID 160 (32/9741)
2025-09-11 21:15:51,835 - INFO - Processing ID 165 (33/9741)
2025-09-11 21:15:57,809 - INFO - Processing ID 167 (34/9741)
2025-09-11 21:16:03,643 - INFO - Processing ID 168 (35/9741)
2025-09-11 21:19:54,239 - INFO - Processing ID 197 (36/9741)
2025-09-11 21:20:00,568 - INFO - Processing ID 198 (37/9741)
2025-09-11 21:20:06,325 - INFO - Processing ID 199 (38/9741)
2025-09-11 21:20:12,172 - INFO - Processing ID 200 (39/9741)
2025-09-11 21:20:18,136 - INFO - Processing ID 201 (40/9741)
2025-09-11 21:20:19,044 - INFO - Incrementally saved 10 peptides
2025-09-11 21:20:24,050 - INFO - Processing ID 202 (41/9741)
2025-09-11 21:20:29,908 - INFO - Processing ID 203 (42/9741)
2025-09-11 21:20:35,920 - INFO - Processing ID 204 (43/9741)
2025-09-11 21:20:41,694 - INFO - Processing ID 205 (44/9741)
2025-09-11 21:20:47,528 - INFO - Processing ID 206 (45/9741)
2025-09-11 21:20:53,207 - INFO - Processing ID 207 (46/9741)
2025-09-11 21:20:58,841 - INFO - Processing ID 208 (47/9741)
2025-09-11 21:21:05,042 - INFO - Processing ID 209 (48/9741)
2025-09-11 21:21:11,014 - INFO - Processing ID 210 (49/9741)
2025-09-11 21:21:16,812 - INFO - Processing ID 211 (50/9741)
2025-09-11 21:21:17,548 - INFO - Incrementally saved 10 peptides
2025-09-11 21:21:22,554 - INFO - Processing ID 212 (51/9741)
2025-09-11 21:21:28,817 - INFO - Processing ID 213 (52/9741)
2025-09-11 21:21:34,709 - INFO - Processing ID 214 (53/9741)
2025-09-11 21:21:40,589 - INFO - Processing ID 215 (54/9741)
2025-09-11 21:21:46,467 - INFO - Processing ID 216 (55/9741)
2025-09-11 21:21:52,871 - INFO - Processing ID 217 (56/9741)
2025-09-11 21:21:58,652 - INFO - Processing ID 218 (57/9741)
2025-09-11 21:22:04,328 - INFO - Processing ID 219 (58/9741)
2025-09-11 21:22:10,280 - INFO - Processing ID 220 (59/9741)
2025-09-11 21:22:16,718 - INFO - Processing ID 221 (60/9741)
2025-09-11 21:22:17,408 - INFO - Incrementally saved 10 peptides
2025-09-11 21:22:22,414 - INFO - Processing ID 222 (61/9741)
2025-09-11 21:22:28,163 - INFO - Processing ID 223 (62/9741)
2025-09-11 21:22:33,873 - INFO - Processing ID 224 (63/9741)
2025-09-11 21:22:39,877 - INFO - Processing ID 225 (64/9741)
2025-09-11 21:22:45,653 - INFO - Processing ID 226 (65/9741)
2025-09-11 21:22:51,287 - INFO - Processing ID 227 (66/9741)
2025-09-11 21:22:57,015 - INFO - Processing ID 228 (67/9741)
2025-09-11 21:23:02,812 - INFO - Processing ID 230 (68/9741)
2025-09-11 21:23:08,899 - INFO - Processing ID 231 (69/9741)
2025-09-11 21:23:14,675 - INFO - Processing ID 232 (70/9741)
2025-09-11 21:23:15,381 - INFO - Incrementally saved 10 peptides
2025-09-11 21:23:20,386 - INFO - Processing ID 233 (71/9741)
2025-09-11 21:23:26,048 - INFO - Processing ID 236 (72/9741)
2025-09-11 21:23:31,849 - INFO - Processing ID 237 (73/9741)
2025-09-11 21:23:37,669 - INFO - Processing ID 239 (74/9741)
2025-09-11 21:23:43,321 - INFO - Processing ID 241 (75/9741)
2025-09-11 21:23:49,107 - INFO - Processing ID 242 (76/9741)
2025-09-11 21:23:54,883 - INFO - Processing ID 243 (77/9741)
2025-09-11 21:24:00,714 - INFO - Processing ID 245 (78/9741)
2025-09-11 21:24:06,516 - INFO - Processing ID 247 (79/9741)
2025-09-11 21:24:12,280 - INFO - Processing ID 248 (80/9741)
2025-09-11 21:24:13,045 - INFO - Incrementally saved 10 peptides
2025-09-11 21:24:18,050 - INFO - Processing ID 249 (81/9741)
2025-09-11 21:24:23,690 - INFO - Processing ID 250 (82/9741)
2025-09-11 21:24:29,454 - INFO - Processing ID 256 (83/9741)
2025-09-11 21:24:35,305 - INFO - Processing ID 257 (84/9741)
2025-09-11 21:24:41,194 - INFO - Processing ID 262 (85/9741)
2025-09-11 21:24:46,923 - INFO - Processing ID 263 (86/9741)
2025-09-11 21:24:52,576 - INFO - Processing ID 264 (87/9741)
2025-09-11 21:24:58,348 - INFO - Processing ID 265 (88/9741)
2025-09-11 21:25:04,644 - INFO - Processing ID 266 (89/9741)
2025-09-11 21:25:10,479 - INFO - Processing ID 267 (90/9741)
2025-09-11 21:25:11,226 - INFO - Incrementally saved 10 peptides
2025-09-11 21:25:16,230 - INFO - Processing ID 268 (91/9741)
2025-09-11 21:25:22,087 - INFO - Processing ID 269 (92/9741)
2025-09-11 21:25:29,676 - INFO - Starting DBAASP scraper with input: data/peptides.csv, output: data/toxicity_data.csv
2025-09-11 21:25:29,687 - INFO - Loaded 9741 peptide IDs from data/peptides.csv
2025-09-11 21:25:29,687 - INFO - Starting new output file
2025-09-11 21:25:29,687 - INFO - Processing ID 11 (1/9741)
2025-09-11 21:25:35,730 - INFO - Processing ID 14 (2/9741)
2025-09-11 21:25:41,626 - INFO - Processing ID 15 (3/9741)
2025-09-11 21:25:47,738 - INFO - Processing ID 37 (4/9741)
2025-09-11 21:25:54,050 - INFO - Processing ID 55 (5/9741)
2025-09-11 21:25:59,839 - INFO - Processing ID 79 (6/9741)
2025-09-11 21:26:05,688 - INFO - Processing ID 102 (7/9741)
2025-09-11 21:26:11,538 - INFO - Processing ID 103 (8/9741)
2025-09-11 21:26:17,285 - INFO - Processing ID 107 (9/9741)
2025-09-11 21:26:23,133 - INFO - Processing ID 108 (10/9741)
2025-09-11 21:26:23,947 - INFO - Incrementally saved 10 peptides
2025-09-11 21:26:28,952 - INFO - Processing ID 109 (11/9741)
2025-09-11 21:26:34,556 - INFO - Processing ID 110 (12/9741)
2025-09-11 21:26:40,282 - INFO - Processing ID 111 (13/9741)
2025-09-11 21:26:46,032 - INFO - Processing ID 112 (14/9741)
2025-09-11 21:26:51,803 - INFO - Processing ID 113 (15/9741)
2025-09-11 21:26:57,574 - INFO - Processing ID 115 (16/9741)
2025-09-11 21:27:03,186 - INFO - Processing ID 116 (17/9741)
2025-09-11 21:27:08,894 - INFO - Processing ID 117 (18/9741)
2025-09-11 21:27:14,661 - INFO - Processing ID 118 (19/9741)
2025-09-11 21:27:20,366 - INFO - Processing ID 119 (20/9741)
2025-09-11 21:27:21,150 - INFO - Incrementally saved 10 peptides
2025-09-11 21:27:26,156 - INFO - Processing ID 120 (21/9741)
2025-09-11 21:27:31,956 - INFO - Processing ID 121 (22/9741)
2025-09-11 21:27:37,743 - INFO - Processing ID 122 (23/9741)
2025-09-11 21:27:43,514 - INFO - Processing ID 123 (24/9741)
2025-09-11 21:27:49,151 - INFO - Processing ID 124 (25/9741)
2025-09-11 21:27:54,911 - INFO - Processing ID 125 (26/9741)
2025-09-11 21:28:00,664 - INFO - Processing ID 126 (27/9741)
2025-09-11 21:28:06,311 - INFO - Processing ID 142 (28/9741)
2025-09-11 21:28:12,088 - INFO - Processing ID 144 (29/9741)
2025-09-11 21:28:17,962 - INFO - Processing ID 146 (30/9741)
2025-09-11 21:28:19,129 - INFO - Incrementally saved 10 peptides
2025-09-11 21:28:24,134 - INFO - Processing ID 147 (31/9741)
2025-09-11 21:28:29,903 - INFO - Processing ID 160 (32/9741)
2025-09-11 21:28:36,066 - INFO - Processing ID 165 (33/9741)
2025-09-11 21:28:42,001 - INFO - Processing ID 167 (34/9741)
2025-09-11 21:28:47,777 - INFO - Processing ID 168 (35/9741)
2025-09-11 21:28:53,706 - INFO - Processing ID 197 (36/9741)
2025-09-11 21:28:59,823 - INFO - Processing ID 198 (37/9741)
2025-09-11 21:29:05,475 - INFO - Processing ID 199 (38/9741)
2025-09-11 21:29:11,255 - INFO - Processing ID 200 (39/9741)
2025-09-11 21:29:17,085 - INFO - Processing ID 201 (40/9741)
2025-09-11 21:29:17,844 - INFO - Incrementally saved 10 peptides
2025-09-11 21:29:22,848 - INFO - Processing ID 202 (41/9741)
2025-09-11 21:29:29,036 - INFO - Processing ID 203 (42/9741)
2025-09-11 21:29:34,966 - INFO - Processing ID 204 (43/9741)
2025-09-11 21:29:40,638 - INFO - Processing ID 205 (44/9741)
2025-09-11 21:29:46,388 - INFO - Processing ID 206 (45/9741)
2025-09-11 21:29:52,153 - INFO - Processing ID 207 (46/9741)
2025-09-11 21:29:57,938 - INFO - Processing ID 208 (47/9741)
2025-09-11 21:30:03,747 - INFO - Processing ID 209 (48/9741)
2025-09-11 21:30:09,480 - INFO - Processing ID 210 (49/9741)
2025-09-11 21:30:15,110 - INFO - Processing ID 211 (50/9741)
2025-09-11 21:30:15,760 - INFO - Incrementally saved 10 peptides
2025-09-11 21:30:20,763 - INFO - Processing ID 212 (51/9741)
2025-09-11 21:30:26,590 - INFO - Processing ID 213 (52/9741)
2025-09-11 21:30:32,360 - INFO - Processing ID 214 (53/9741)
2025-09-11 21:30:38,011 - INFO - Processing ID 215 (54/9741)
2025-09-11 21:30:43,664 - INFO - Processing ID 216 (55/9741)
2025-09-11 21:30:49,452 - INFO - Processing ID 217 (56/9741)
2025-09-11 21:30:55,245 - INFO - Processing ID 218 (57/9741)
2025-09-11 21:31:00,958 - INFO - Processing ID 219 (58/9741)
2025-09-11 21:31:06,720 - INFO - Processing ID 220 (59/9741)
2025-09-11 21:31:12,498 - INFO - Processing ID 221 (60/9741)
2025-09-11 21:31:13,124 - INFO - Incrementally saved 10 peptides
2025-09-11 21:31:18,131 - INFO - Processing ID 222 (61/9741)
2025-09-11 21:31:23,784 - INFO - Processing ID 223 (62/9741)
2025-09-11 21:31:29,434 - INFO - Processing ID 224 (63/9741)
2025-09-11 21:31:35,188 - INFO - Processing ID 225 (64/9741)
2025-09-11 21:31:40,823 - INFO - Processing ID 226 (65/9741)
2025-09-11 21:31:46,580 - INFO - Processing ID 227 (66/9741)
2025-09-11 21:31:52,232 - INFO - Processing ID 228 (67/9741)
2025-09-11 21:31:58,014 - INFO - Processing ID 230 (68/9741)
2025-09-11 21:32:04,206 - INFO - Processing ID 231 (69/9741)
2025-09-11 21:32:10,029 - INFO - Processing ID 232 (70/9741)
2025-09-11 21:32:10,817 - INFO - Incrementally saved 10 peptides
2025-09-11 21:32:15,823 - INFO - Processing ID 233 (71/9741)
2025-09-11 21:32:21,435 - INFO - Processing ID 236 (72/9741)
2025-09-11 21:32:27,193 - INFO - Processing ID 237 (73/9741)
2025-09-11 21:32:32,964 - INFO - Processing ID 239 (74/9741)
2025-09-11 21:32:38,682 - INFO - Processing ID 241 (75/9741)
2025-09-11 21:32:44,394 - INFO - Processing ID 242 (76/9741)
2025-09-11 21:32:50,095 - INFO - Processing ID 243 (77/9741)
2025-09-11 21:32:55,942 - INFO - Processing ID 245 (78/9741)
2025-09-11 21:33:01,582 - INFO - Processing ID 247 (79/9741)
2025-09-11 21:33:07,337 - INFO - Processing ID 248 (80/9741)
2025-09-11 21:33:08,078 - INFO - Incrementally saved 10 peptides
2025-09-11 21:33:13,082 - INFO - Processing ID 249 (81/9741)
2025-09-11 21:33:18,863 - INFO - Processing ID 250 (82/9741)
2025-09-11 21:33:24,595 - INFO - Processing ID 256 (83/9741)
2025-09-11 21:33:30,361 - INFO - Processing ID 257 (84/9741)
2025-09-11 21:33:36,192 - INFO - Processing ID 262 (85/9741)
2025-09-11 21:33:41,971 - INFO - Processing ID 263 (86/9741)
2025-09-11 21:33:47,760 - INFO - Processing ID 264 (87/9741)
2025-09-11 21:33:53,798 - INFO - Processing ID 265 (88/9741)
2025-09-11 21:33:59,898 - INFO - Processing ID 266 (89/9741)
2025-09-11 21:34:05,679 - INFO - Processing ID 267 (90/9741)
2025-09-11 21:34:06,532 - INFO - Incrementally saved 10 peptides
2025-09-11 21:34:11,537 - INFO - Processing ID 268 (91/9741)
2025-09-11 21:34:17,253 - INFO - Processing ID 269 (92/9741)
2025-09-11 21:34:22,935 - INFO - Processing ID 270 (93/9741)
2025-09-11 21:34:28,858 - INFO - Processing ID 271 (94/9741)
2025-09-11 21:34:34,606 - INFO - Processing ID 273 (95/9741)
2025-09-11 21:34:40,443 - INFO - Processing ID 316 (96/9741)
2025-09-11 21:34:46,114 - INFO - Processing ID 317 (97/9741)
2025-09-11 21:34:51,870 - INFO - Processing ID 318 (98/9741)
2025-09-11 21:34:57,508 - INFO - Processing ID 319 (99/9741)
2025-09-11 21:35:03,298 - INFO - Processing ID 320 (100/9741)
2025-09-11 21:35:04,135 - INFO - Incrementally saved 10 peptides
2025-09-11 21:35:09,138 - INFO - Progress: 100/9741 peptides processed
2025-09-11 21:35:09,139 - INFO - Processing ID 321 (101/9741)
2025-09-11 21:35:14,759 - INFO - Processing ID 322 (102/9741)
2025-09-11 21:35:20,633 - INFO - Processing ID 323 (103/9741)
2025-09-11 21:35:26,292 - INFO - Processing ID 324 (104/9741)
2025-09-11 21:35:32,074 - INFO - Processing ID 325 (105/9741)
2025-09-11 21:35:37,858 - INFO - Processing ID 326 (106/9741)
2025-09-11 21:35:43,531 - INFO - Processing ID 347 (107/9741)
2025-09-11 21:35:49,196 - INFO - Processing ID 348 (108/9741)
2025-09-11 21:35:54,831 - INFO - Processing ID 349 (109/9741)
2025-09-11 21:36:00,618 - INFO - Processing ID 350 (110/9741)
2025-09-11 21:36:01,334 - INFO - Incrementally saved 10 peptides
2025-09-11 21:36:06,339 - INFO - Processing ID 351 (111/9741)
2025-09-11 21:36:12,059 - INFO - Processing ID 352 (112/9741)
2025-09-11 21:36:17,846 - INFO - Processing ID 353 (113/9741)
2025-09-11 21:36:23,592 - INFO - Processing ID 360 (114/9741)
2025-09-11 21:36:30,618 - INFO - Processing ID 447 (115/9741)
2025-09-11 21:36:36,955 - INFO - Processing ID 470 (116/9741)
2025-09-11 21:36:42,665 - INFO - Processing ID 475 (117/9741)
2025-09-11 21:36:48,437 - INFO - Processing ID 476 (118/9741)
2025-09-11 21:36:54,065 - INFO - Processing ID 477 (119/9741)
2025-09-11 21:36:59,843 - INFO - Processing ID 478 (120/9741)
2025-09-11 21:37:00,702 - INFO - Incrementally saved 10 peptides
2025-09-11 21:37:05,705 - INFO - Processing ID 479 (121/9741)
2025-09-11 21:37:11,527 - INFO - Processing ID 480 (122/9741)
2025-09-11 21:37:17,187 - INFO - Processing ID 481 (123/9741)
2025-09-11 21:37:22,960 - INFO - Processing ID 482 (124/9741)
2025-09-11 21:37:28,759 - INFO - Processing ID 483 (125/9741)
2025-09-11 21:37:34,576 - INFO - Processing ID 484 (126/9741)
2025-09-11 21:37:40,317 - INFO - Processing ID 485 (127/9741)
2025-09-11 21:37:46,081 - INFO - Processing ID 486 (128/9741)
2025-09-11 21:37:51,832 - INFO - Processing ID 487 (129/9741)
2025-09-11 21:37:57,592 - INFO - Processing ID 490 (130/9741)
2025-09-11 21:53:49,445 - INFO - Starting DBAASP scraper with input: data/peptides.csv, output: data/toxicity_data.csv
2025-09-11 21:53:49,458 - INFO - Loaded 9741 peptide IDs from data/peptides.csv
2025-09-11 21:53:49,459 - INFO - Resuming from existing file with 10 processed peptides
2025-09-11 21:53:49,459 - INFO - Processing ID 11 (1/9741)
2025-09-11 21:53:55,656 - INFO - Processing ID 14 (2/9741)
2025-09-11 21:54:01,390 - INFO - Processing ID 15 (3/9741)
2025-09-11 21:54:07,694 - INFO - Processing ID 37 (4/9741)
2025-09-11 21:54:13,992 - INFO - Processing ID 55 (5/9741)
2025-09-11 21:54:19,654 - INFO - Processing ID 79 (6/9741)
2025-09-11 21:54:25,529 - INFO - Processing ID 102 (7/9741)
2025-09-11 21:54:31,466 - INFO - Processing ID 103 (8/9741)
2025-09-11 21:54:37,219 - INFO - Processing ID 107 (9/9741)
2025-09-11 21:54:43,098 - INFO - Processing ID 108 (10/9741)
2025-09-11 21:54:44,127 - INFO - Incrementally saved 20 peptides
2025-09-11 21:54:49,132 - INFO - Processing ID 109 (11/9741)
2025-09-11 21:54:54,766 - INFO - Processing ID 110 (12/9741)
2025-09-11 21:55:00,564 - INFO - Processing ID 111 (13/9741)
2025-09-11 21:55:06,278 - INFO - Processing ID 112 (14/9741)
2025-09-11 21:55:11,899 - INFO - Processing ID 113 (15/9741)
2025-09-11 21:55:17,668 - INFO - Processing ID 115 (16/9741)
2025-09-11 21:55:23,426 - INFO - Processing ID 116 (17/9741)
2025-09-11 21:55:29,182 - INFO - Processing ID 117 (18/9741)
2025-09-11 21:55:34,933 - INFO - Processing ID 118 (19/9741)
2025-09-11 21:55:40,573 - INFO - Processing ID 119 (20/9741)
2025-09-11 21:55:41,286 - INFO - Incrementally saved 20 peptides
2025-09-11 21:55:46,291 - INFO - Processing ID 120 (21/9741)
2025-09-11 21:55:52,099 - INFO - Processing ID 121 (22/9741)
2025-09-11 21:55:57,896 - INFO - Processing ID 122 (23/9741)
2025-09-11 21:56:03,535 - INFO - Processing ID 123 (24/9741)
2025-09-11 21:56:09,383 - INFO - Processing ID 124 (25/9741)
2025-09-11 21:56:15,199 - INFO - Processing ID 125 (26/9741)
2025-09-11 21:56:20,839 - INFO - Processing ID 126 (27/9741)
2025-09-11 21:56:26,483 - INFO - Processing ID 142 (28/9741)
2025-09-11 21:56:32,334 - INFO - Processing ID 144 (29/9741)
2025-09-11 21:56:38,247 - INFO - Processing ID 146 (30/9741)
2025-09-11 21:56:39,416 - INFO - Incrementally saved 20 peptides
2025-09-11 21:56:44,418 - INFO - Processing ID 147 (31/9741)
2025-09-11 21:56:50,059 - INFO - Processing ID 160 (32/9741)
2025-09-11 21:56:56,084 - INFO - Processing ID 165 (33/9741)
2025-09-11 21:57:02,109 - INFO - Processing ID 167 (34/9741)
2025-09-11 21:57:07,960 - INFO - Processing ID 168 (35/9741)
2025-09-11 21:57:13,938 - INFO - Processing ID 197 (36/9741)
2025-09-11 21:57:20,119 - INFO - Processing ID 198 (37/9741)
2025-09-11 21:57:25,883 - INFO - Processing ID 199 (38/9741)
2025-09-11 21:57:31,622 - INFO - Processing ID 200 (39/9741)
2025-09-11 21:57:37,293 - INFO - Processing ID 201 (40/9741)
2025-09-11 21:57:38,152 - INFO - Incrementally saved 20 peptides
2025-09-11 21:57:43,158 - INFO - Processing ID 202 (41/9741)
2025-09-11 21:57:48,890 - INFO - Processing ID 203 (42/9741)
2025-09-11 21:57:54,675 - INFO - Processing ID 204 (43/9741)
2025-09-11 21:58:00,538 - INFO - Processing ID 205 (44/9741)
2025-09-11 21:58:06,170 - INFO - Processing ID 206 (45/9741)
2025-09-11 21:58:11,800 - INFO - Processing ID 207 (46/9741)
2025-09-11 21:58:17,571 - INFO - Processing ID 208 (47/9741)
2025-09-11 21:58:23,398 - INFO - Processing ID 209 (48/9741)
2025-09-11 21:58:29,047 - INFO - Processing ID 210 (49/9741)
2025-09-11 21:58:34,825 - INFO - Processing ID 211 (50/9741)
2025-09-11 21:58:35,546 - INFO - Incrementally saved 20 peptides
2025-09-11 21:58:40,551 - INFO - Processing ID 212 (51/9741)
2025-09-11 21:58:46,311 - INFO - Processing ID 213 (52/9741)
2025-09-11 21:58:51,983 - INFO - Processing ID 214 (53/9741)
2025-09-11 21:58:57,692 - INFO - Processing ID 215 (54/9741)
2025-09-11 21:59:03,511 - INFO - Processing ID 216 (55/9741)
2025-09-11 21:59:09,386 - INFO - Processing ID 217 (56/9741)
2025-09-11 21:59:15,077 - INFO - Processing ID 218 (57/9741)
2025-09-11 21:59:20,882 - INFO - Processing ID 219 (58/9741)
2025-09-11 21:59:26,638 - INFO - Processing ID 220 (59/9741)
2025-09-11 21:59:32,326 - INFO - Processing ID 221 (60/9741)
2025-09-11 21:59:33,115 - INFO - Incrementally saved 20 peptides
2025-09-11 21:59:38,120 - INFO - Processing ID 222 (61/9741)
2025-09-11 21:59:43,739 - INFO - Processing ID 223 (62/9741)
2025-09-11 21:59:49,511 - INFO - Processing ID 224 (63/9741)
2025-09-11 21:59:55,276 - INFO - Processing ID 225 (64/9741)
2025-09-11 22:00:01,073 - INFO - Processing ID 226 (65/9741)
2025-09-11 22:00:06,707 - INFO - Processing ID 227 (66/9741)
2025-09-11 22:00:12,319 - INFO - Processing ID 228 (67/9741)
2025-09-11 22:00:18,018 - INFO - Processing ID 230 (68/9741)
2025-09-11 22:00:24,162 - INFO - Processing ID 231 (69/9741)
2025-09-11 22:00:29,864 - INFO - Processing ID 232 (70/9741)
2025-09-11 22:00:30,604 - INFO - Incrementally saved 20 peptides
2025-09-11 22:00:35,609 - INFO - Processing ID 233 (71/9741)
2025-09-11 22:00:41,238 - INFO - Processing ID 236 (72/9741)
2025-09-11 22:00:47,033 - INFO - Processing ID 237 (73/9741)
2025-09-11 22:00:52,664 - INFO - Processing ID 239 (74/9741)
2025-09-11 22:00:58,436 - INFO - Processing ID 241 (75/9741)
2025-09-11 22:01:04,155 - INFO - Processing ID 242 (76/9741)
2025-09-11 22:01:09,827 - INFO - Processing ID 243 (77/9741)
2025-09-11 22:01:16,388 - INFO - Processing ID 245 (78/9741)
2025-09-11 22:01:22,841 - INFO - Processing ID 247 (79/9741)
2025-09-11 22:01:29,782 - INFO - Processing ID 248 (80/9741)
2025-09-11 22:01:31,735 - INFO - Incrementally saved 20 peptides
2025-09-11 22:01:36,749 - INFO - Processing ID 249 (81/9741)
2025-09-11 22:01:42,441 - INFO - Processing ID 250 (82/9741)
2025-09-11 22:01:48,113 - INFO - Processing ID 256 (83/9741)
2025-09-11 22:01:53,942 - INFO - Processing ID 257 (84/9741)
2025-09-11 22:01:59,828 - INFO - Processing ID 262 (85/9741)
2025-09-11 22:02:05,629 - INFO - Processing ID 263 (86/9741)
2025-09-11 22:02:11,487 - INFO - Processing ID 264 (87/9741)
2025-09-11 22:02:17,369 - INFO - Processing ID 265 (88/9741)
2025-09-11 22:02:23,437 - INFO - Processing ID 266 (89/9741)
2025-09-11 22:02:29,071 - INFO - Processing ID 267 (90/9741)
2025-09-11 22:02:29,893 - INFO - Incrementally saved 20 peptides
2025-09-11 22:02:34,825 - INFO - Processing ID 268 (91/9741)
2025-09-11 22:02:40,645 - INFO - Processing ID 269 (92/9741)
2025-09-11 22:02:46,538 - INFO - Processing ID 270 (93/9741)
2025-09-11 22:02:52,344 - INFO - Processing ID 271 (94/9741)
2025-09-11 22:02:58,168 - INFO - Processing ID 273 (95/9741)
2025-09-11 22:03:03,917 - INFO - Processing ID 316 (96/9741)
2025-09-11 22:03:09,486 - INFO - Processing ID 317 (97/9741)
2025-09-11 22:03:15,133 - INFO - Processing ID 318 (98/9741)
2025-09-11 22:03:20,930 - INFO - Processing ID 319 (99/9741)
2025-09-11 22:03:26,585 - INFO - Processing ID 320 (100/9741)
2025-09-11 22:03:27,251 - INFO - Incrementally saved 20 peptides
2025-09-11 22:03:32,256 - INFO - Progress: 100/9741 peptides processed
2025-09-11 22:03:32,257 - INFO - Processing ID 321 (101/9741)
2025-09-11 22:03:38,030 - INFO - Processing ID 322 (102/9741)
2025-09-11 22:03:43,826 - INFO - Processing ID 323 (103/9741)
2025-09-11 22:03:49,503 - INFO - Processing ID 324 (104/9741)
2025-09-11 22:03:55,192 - INFO - Processing ID 325 (105/9741)
2025-09-11 22:04:00,880 - INFO - Processing ID 326 (106/9741)
2025-09-11 22:04:06,561 - INFO - Processing ID 347 (107/9741)
2025-09-11 22:04:12,365 - INFO - Processing ID 348 (108/9741)
2025-09-11 22:04:18,153 - INFO - Processing ID 349 (109/9741)
2025-09-11 22:04:23,889 - INFO - Processing ID 350 (110/9741)
2025-09-11 22:04:24,726 - INFO - Incrementally saved 20 peptides
2025-09-11 22:04:29,731 - INFO - Processing ID 479 (121/9741)
2025-09-11 22:04:35,544 - INFO - Processing ID 480 (122/9741)
2025-09-11 22:04:41,350 - INFO - Processing ID 481 (123/9741)
2025-09-11 22:04:47,176 - INFO - Processing ID 482 (124/9741)
2025-09-11 22:10:05,532 - INFO - Processing ID 483 (125/9741)
2025-09-11 22:10:12,520 - INFO - Processing ID 484 (126/9741)
2025-09-11 22:10:18,367 - INFO - Processing ID 485 (127/9741)
2025-09-11 22:10:24,088 - INFO - Processing ID 486 (128/9741)
2025-09-11 22:10:30,320 - INFO - Processing ID 487 (129/9741)
2025-09-11 22:10:36,276 - INFO - Processing ID 490 (130/9741)
